[{"stream_name":"stderr","time":6.407184323,"data":"Traceback (most recent call last):\n"}
,{"stream_name":"stderr","time":6.407278999,"data":"  File \"\u003cstring\u003e\", line 1, in \u003cmodule\u003e\n"}
,{"stream_name":"stderr","time":6.4072849210000005,"data":"  File \"/usr/local/lib/python3.12/dist-packages/papermill/execute.py\", line 113, in execute_notebook\n"}
,{"stream_name":"stderr","time":6.407288025,"data":"    kernel_name = papermill_engines.nb_kernel_name(engine_name=engine_name, nb=nb, name=kernel_name)\n"}
,{"stream_name":"stderr","time":6.40729883,"data":"                  ^^^^^^^^^^^^^^^^^^^^^^^^^^^^^^^^^^^^^^^^^^^^^^^^^^^^^^^^^^^^^^^^^^^^^^^^^^^^^^^^^^\n"}
,{"stream_name":"stderr","time":6.407301988,"data":"  File \"/usr/local/lib/python3.12/dist-packages/papermill/engines.py\", line 52, in nb_kernel_name\n"}
,{"stream_name":"stderr","time":6.407385457,"data":"    return self.get_engine(engine_name).nb_kernel_name(nb, name)\n"}
,{"stream_name":"stderr","time":6.407393259,"data":"           ^^^^^^^^^^^^^^^^^^^^^^^^^^^^^^^^^^^^^^^^^^^^^^^^^^^^^\n"}
,{"stream_name":"stderr","time":6.407397787,"data":"  File \"/usr/local/lib/python3.12/dist-packages/papermill/engines.py\", line 385, in nb_kernel_name\n"}
,{"stream_name":"stderr","time":6.407688451,"data":"    return nb_kernel_name(nb, name)\n"}
,{"stream_name":"stderr","time":6.407706353,"data":"           ^^^^^^^^^^^^^^^^^^^^^^^^\n"}
,{"stream_name":"stderr","time":6.407712678,"data":"  File \"/usr/local/lib/python3.12/dist-packages/papermill/utils.py\", line 52, in nb_kernel_name\n"}
,{"stream_name":"stderr","time":6.407754478,"data":"    raise ValueError(\"No kernel name found in notebook and no override provided.\")\n"}
,{"stream_name":"stderr","time":6.40776438,"data":"ValueError: No kernel name found in notebook and no override provided.\n"}
,{"stream_name":"stderr","time":8.58789318,"data":"/usr/local/lib/python3.12/dist-packages/mistune.py:435: SyntaxWarning: invalid escape sequence '\\|'\n"}
,{"stream_name":"stderr","time":8.587949115,"data":"  cells[i][c] = re.sub('\\\\\\\\\\|', '|', cell)\n"}
,{"stream_name":"stderr","time":8.770361772,"data":"/usr/local/lib/python3.12/dist-packages/nbconvert/filters/filter_links.py:36: SyntaxWarning: invalid escape sequence '\\_'\n"}
,{"stream_name":"stderr","time":8.770391896,"data":"  text = re.sub(r'_', '\\_', text) # Escape underscores in display text\n"}
,{"stream_name":"stderr","time":9.358205105,"data":"/usr/local/lib/python3.12/dist-packages/traitlets/traitlets.py:2915: FutureWarning: --Exporter.preprocessors=[\"remove_papermill_header.RemovePapermillHeader\"] for containers is deprecated in traitlets 5.0. You can pass `--Exporter.preprocessors item` ... multiple times to add items to a list.\n"}
,{"stream_name":"stderr","time":9.358247104,"data":"  warn(\n"}
,{"stream_name":"stderr","time":9.401715176,"data":"[NbConvertApp] Converting notebook __notebook__.ipynb to notebook\n"}
,{"stream_name":"stderr","time":9.723003908,"data":"[NbConvertApp] Writing 21255 bytes to __notebook__.ipynb\n"}
,{"stream_name":"stderr","time":12.286560503,"data":"/usr/local/lib/python3.12/dist-packages/traitlets/traitlets.py:2915: FutureWarning: --Exporter.preprocessors=[\"nbconvert.preprocessors.ExtractOutputPreprocessor\"] for containers is deprecated in traitlets 5.0. You can pass `--Exporter.preprocessors item` ... multiple times to add items to a list.\n"}
,{"stream_name":"stderr","time":12.286602242,"data":"  warn(\n"}
,{"stream_name":"stderr","time":12.307968055,"data":"[NbConvertApp] Converting notebook __notebook__.ipynb to html\n"}
,{"stream_name":"stderr","time":13.76522576,"data":"[NbConvertApp] Writing 369865 bytes to __results__.html\n"}
]