[{"stream_name":"stderr","time":6.344970728,"data":"0.00s - Debugger warning: It seems that frozen modules are being used, which may\n"}
,{"stream_name":"stderr","time":6.345019836,"data":"0.00s - make the debugger miss breakpoints. Please pass -Xfrozen_modules=off\n"}
,{"stream_name":"stderr","time":6.345024746,"data":"0.00s - to python to disable frozen modules.\n"}
,{"stream_name":"stderr","time":6.345028035,"data":"0.00s - Note: Debugging will proceed. Set PYDEVD_DISABLE_FILE_VALIDATION=1 to disable this validation.\n"}
,{"stream_name":"stderr","time":6.948280136,"data":"0.00s - Debugger warning: It seems that frozen modules are being used, which may\n"}
,{"stream_name":"stderr","time":6.948311384,"data":"0.00s - make the debugger miss breakpoints. Please pass -Xfrozen_modules=off\n"}
,{"stream_name":"stderr","time":6.948317626,"data":"0.00s - to python to disable frozen modules.\n"}
,{"stream_name":"stderr","time":6.948322748,"data":"0.00s - Note: Debugging will proceed. Set PYDEVD_DISABLE_FILE_VALIDATION=1 to disable this validation.\n"}
,{"stream_name":"stdout","time":11.009825969,"data":"\u001b[?25l   \u001b[90m━━━━━━━━━━━━━━━━━━━━━━━━━━━━━━━━━━━━━━━━\u001b[0m \u001b[32m0.0/77.4 kB\u001b[0m \u001b[31m?\u001b[0m eta \u001b[36m-:--:--\u001b[0m\r\u001b[2K   \u001b[90m━━━━━━━━━━━━━━━━━━━━━━━━━━━━━━━━━━━━━━━━\u001b[0m \u001b[32m77.4/77.4 kB\u001b[0m \u001b[31m3.5 MB/s\u001b[0m eta \u001b[36m0:00:00\u001b[0m\r\n"}
,{"stream_name":"stdout","time":11.061099109,"data":"\u001b[?25h\u001b[?25l   \u001b[90m━━━━━━━━━━━━━━━━━━━━━━━━━━━━━━━━━━━━━━━━\u001b[0m \u001b[32m0.0/304.8 kB\u001b[0m \u001b[31m?\u001b[0m eta \u001b[36m-:--:--\u001b[0m\r\u001b[2K   \u001b[90m━━━━━━━━━━━━━━━━━━━━━━━━━━━━━━━━━━━━━━━━\u001b[0m \u001b[32m304.8/304.8 kB\u001b[0m \u001b[31m11.6 MB/s\u001b[0m eta \u001b[36m0:00:00\u001b[0m\r\n"}
,{"stream_name":"stderr","time":17.369556781,"data":"/usr/local/lib/python3.12/dist-packages/beir/util.py:11: TqdmExperimentalWarning: Using `tqdm.autonotebook.tqdm` in notebook mode. Use `tqdm.tqdm` instead to force console mode (e.g. in jupyter console)\n"}
,{"stream_name":"stderr","time":17.369583908,"data":"  from tqdm.autonotebook import tqdm\n"}
,{"stream_name":"stderr","time":17.369588301,"data":"\n"}
,{"stream_name":"stderr","time":17.369591768,"data":"/usr/local/lib/python3.12/dist-packages/beir/util.py:11: TqdmExperimentalWarning: Using `tqdm.autonotebook.tqdm` in notebook mode. Use `tqdm.tqdm` instead to force console mode (e.g. in jupyter console)\n"}
,{"stream_name":"stderr","time":17.369596282,"data":"  from tqdm.autonotebook import tqdm\n"}
,{"stream_name":"stdout","time":35.994562267,"data":"\u001b[?25hUsing device: cuda\n"}
,{"stream_name":"stdout","time":64.91129248,"data":"Loaded 8674 documents and 1406 queries.\n"}
,{"stream_name":"stdout","time":65.111873992,"data":"\n"}
,{"stream_name":"stdout","time":65.111910923,"data":"--- Evaluating Dense Base (Contriever) ---\n"}
,{"stream_name":"stderr","time":65.201272608,"data":"No sentence-transformers model found with name facebook/contriever-msmarco. Creating a new one with mean pooling.\n"}
,{"stream_name":"stderr","time":65.201304721,"data":"\n"}
,{"stream_name":"stderr","time":65.201311049,"data":"No sentence-transformers model found with name facebook/contriever-msmarco. Creating a new one with mean pooling.\n"}
,{"stream_name":"stderr","time":66.479598969,"data":"Warning: You are sending unauthenticated requests to the HF Hub. Please set a HF_TOKEN to enable higher rate limits and faster downloads.\n"}
,{"stream_name":"stderr","time":66.479642718,"data":"\n"}
,{"stream_name":"stderr","time":66.479648056,"data":"Warning: You are sending unauthenticated requests to the HF Hub. Please set a HF_TOKEN to enable higher rate limits and faster downloads.\n"}
,{"stream_name":"stderr","time":70.616697716,"data":"\u001b[1mBertModel LOAD REPORT\u001b[0m from: facebook/contriever-msmarco\n"}
,{"stream_name":"stderr","time":70.616738298,"data":"Key                     | Status     |  | \n"}
,{"stream_name":"stderr","time":70.616743463,"data":"------------------------+------------+--+-\n"}
,{"stream_name":"stderr","time":70.616750002,"data":"embeddings.position_ids | UNEXPECTED |  | \n"}
,{"stream_name":"stderr","time":70.616755196,"data":"\n"}
,{"stream_name":"stderr","time":70.616760548,"data":"\u001b[3mNotes:\n"}
,{"stream_name":"stderr","time":70.616766502,"data":"- UNEXPECTED\u001b[3m\t:can be ignored when loading from different task/architecture; not ok if you expect identical arch.\u001b[0m\n"}
,{"stream_name":"stderr","time":70.616772631,"data":"\n"}
,{"stream_name":"stderr","time":70.616777171,"data":"\u001b[1mBertModel LOAD REPORT\u001b[0m from: facebook/contriever-msmarco\n"}
,{"stream_name":"stderr","time":70.61678178,"data":"Key                     | Status     |  | \n"}
,{"stream_name":"stderr","time":70.616786168,"data":"------------------------+------------+--+-\n"}
,{"stream_name":"stderr","time":70.616790488,"data":"embeddings.position_ids | UNEXPECTED |  | \n"}
,{"stream_name":"stderr","time":70.616796548,"data":"\n"}
,{"stream_name":"stderr","time":70.616800866,"data":"\u001b[3mNotes:\n"}
,{"stream_name":"stderr","time":70.616803997,"data":"- UNEXPECTED\u001b[3m\t:can be ignored when loading from different task/architecture; not ok if you expect identical arch.\u001b[0m\n"}
,{"stream_name":"stdout","time":73.347226762,"data":"Encoding Corpus with Contriever...\n"}
,{"stream_name":"stdout","time":147.480300275,"data":"Computing Base Scores...\n"}
,{"stream_name":"stdout","time":155.74868022,"data":"Dense Base (Contriever) NDCG@10: 0.3595 | End-to-End Latency: 8.26 ms/query\n"}
,{"stream_name":"stdout","time":155.861769278,"data":"\n"}
,{"stream_name":"stdout","time":155.861799506,"data":"--- 1. True End-to-End Latency Profile ---\n"}
,{"stream_name":"stderr","time":158.601083296,"data":"Traceback (most recent call last):\n"}
,{"stream_name":"stderr","time":158.60110985,"data":"  File \"\u003cstring\u003e\", line 1, in \u003cmodule\u003e\n"}
,{"stream_name":"stderr","time":158.601115687,"data":"  File \"/usr/local/lib/python3.12/dist-packages/papermill/execute.py\", line 131, in execute_notebook\n"}
,{"stream_name":"stderr","time":158.601189373,"data":"    raise_for_execution_errors(nb, output_path)\n"}
,{"stream_name":"stderr","time":158.601270101,"data":"  File \"/usr/local/lib/python3.12/dist-packages/papermill/execute.py\", line 251, in raise_for_execution_errors\n"}
,{"stream_name":"stderr","time":158.601417497,"data":"    raise error\n"}
,{"stream_name":"stderr","time":158.601686016,"data":"papermill.exceptions.PapermillExecutionError: \n"}
,{"stream_name":"stderr","time":158.601697773,"data":"---------------------------------------------------------------------------\n"}
,{"stream_name":"stderr","time":158.601702879,"data":"Exception encountered at \"In [5]\":\n"}
,{"stream_name":"stderr","time":158.601707463,"data":"---------------------------------------------------------------------------\n"}
,{"stream_name":"stderr","time":158.60171231,"data":"NameError                                 Traceback (most recent call last)\n"}
,{"stream_name":"stderr","time":158.601716993,"data":"/tmp/ipykernel_24/1153649993.py in \u003ccell line: 0\u003e()\n"}
,{"stream_name":"stderr","time":158.601732482,"data":"      6 # For pure timing purposes we will instantiate a dummy agent and SAE\n"}
,{"stream_name":"stderr","time":158.601736498,"data":"      7 \n"}
,{"stream_name":"stderr","time":158.601739902,"data":"----\u003e 8 dummy_sae = SparseAutoencoder(768).to(DEVICE)\n"}
,{"stream_name":"stderr","time":158.601743467,"data":"      9 dummy_agent = PPOAgent().to(DEVICE)\n"}
,{"stream_name":"stderr","time":158.601746878,"data":"     10 state_enc = DenseStateEncoder().to(DEVICE)\n"}
,{"stream_name":"stderr","time":158.601750367,"data":"\n"}
,{"stream_name":"stderr","time":158.601753705,"data":"NameError: name 'SparseAutoencoder' is not defined\n"}
,{"stream_name":"stderr","time":158.601757305,"data":"\n"}
,{"stream_name":"stderr","time":160.601591849,"data":"/usr/local/lib/python3.12/dist-packages/mistune.py:435: SyntaxWarning: invalid escape sequence '\\|'\n"}
,{"stream_name":"stderr","time":160.601620223,"data":"  cells[i][c] = re.sub('\\\\\\\\\\|', '|', cell)\n"}
,{"stream_name":"stderr","time":160.745472283,"data":"/usr/local/lib/python3.12/dist-packages/nbconvert/filters/filter_links.py:36: SyntaxWarning: invalid escape sequence '\\_'\n"}
,{"stream_name":"stderr","time":160.745496949,"data":"  text = re.sub(r'_', '\\_', text) # Escape underscores in display text\n"}
,{"stream_name":"stderr","time":161.285966483,"data":"/usr/local/lib/python3.12/dist-packages/traitlets/traitlets.py:2915: FutureWarning: --Exporter.preprocessors=[\"remove_papermill_header.RemovePapermillHeader\"] for containers is deprecated in traitlets 5.0. You can pass `--Exporter.preprocessors item` ... multiple times to add items to a list.\n"}
,{"stream_name":"stderr","time":161.285994416,"data":"  warn(\n"}
,{"stream_name":"stderr","time":161.309183321,"data":"[NbConvertApp] Converting notebook __notebook__.ipynb to notebook\n"}
,{"stream_name":"stderr","time":161.638566676,"data":"[NbConvertApp] Writing 164696 bytes to __notebook__.ipynb\n"}
,{"stream_name":"stderr","time":163.926264534,"data":"/usr/local/lib/python3.12/dist-packages/traitlets/traitlets.py:2915: FutureWarning: --Exporter.preprocessors=[\"nbconvert.preprocessors.ExtractOutputPreprocessor\"] for containers is deprecated in traitlets 5.0. You can pass `--Exporter.preprocessors item` ... multiple times to add items to a list.\n"}
,{"stream_name":"stderr","time":163.926301143,"data":"  warn(\n"}
,{"stream_name":"stderr","time":163.946495382,"data":"[NbConvertApp] Converting notebook __notebook__.ipynb to html\n"}
,{"stream_name":"stderr","time":164.788361749,"data":"[NbConvertApp] Writing 456580 bytes to __results__.html\n"}
]