[{"stream_name":"stderr","time":6.209791084,"data":"0.00s - Debugger warning: It seems that frozen modules are being used, which may\n"}
,{"stream_name":"stderr","time":6.209848027,"data":"0.00s - make the debugger miss breakpoints. Please pass -Xfrozen_modules=off\n"}
,{"stream_name":"stderr","time":6.209852365,"data":"0.00s - to python to disable frozen modules.\n"}
,{"stream_name":"stderr","time":6.209854811,"data":"0.00s - Note: Debugging will proceed. Set PYDEVD_DISABLE_FILE_VALIDATION=1 to disable this validation.\n"}
,{"stream_name":"stderr","time":6.776723749,"data":"0.00s - Debugger warning: It seems that frozen modules are being used, which may\n"}
,{"stream_name":"stderr","time":6.776766173,"data":"0.00s - make the debugger miss breakpoints. Please pass -Xfrozen_modules=off\n"}
,{"stream_name":"stderr","time":6.77679329,"data":"0.00s - to python to disable frozen modules.\n"}
,{"stream_name":"stderr","time":6.77679792,"data":"0.00s - Note: Debugging will proceed. Set PYDEVD_DISABLE_FILE_VALIDATION=1 to disable this validation.\n"}
,{"stream_name":"stdout","time":10.358560975,"data":"\u001b[?25l   \u001b[90m━━━━━━━━━━━━━━━━━━━━━━━━━━━━━━━━━━━━━━━━\u001b[0m \u001b[32m0.0/77.4 kB\u001b[0m \u001b[31m?\u001b[0m eta \u001b[36m-:--:--\u001b[0m\r\u001b[2K   \u001b[90m━━━━━━━━━━━━━━━━━━━━━━━━━━━━━━━━━━━━━━━━\u001b[0m \u001b[32m77.4/77.4 kB\u001b[0m \u001b[31m3.7 MB/s\u001b[0m eta \u001b[36m0:00:00\u001b[0m\r\n"}
,{"stream_name":"stdout","time":10.408813743,"data":"\u001b[?25h\u001b[?25l   \u001b[90m━━━━━━━━━━━━━━━━━━━━━━━━━━━━━━━━━━━━━━━━\u001b[0m \u001b[32m0.0/304.8 kB\u001b[0m \u001b[31m?\u001b[0m eta \u001b[36m-:--:--\u001b[0m\r\u001b[2K   \u001b[90m━━━━━━━━━━━━━━━━━━━━━━━━━━━━━━━━━━━━━━━━\u001b[0m \u001b[32m304.8/304.8 kB\u001b[0m \u001b[31m17.5 MB/s\u001b[0m eta \u001b[36m0:00:00\u001b[0m\r\n"}
,{"stream_name":"stderr","time":16.619853443,"data":"/usr/local/lib/python3.12/dist-packages/beir/util.py:11: TqdmExperimentalWarning: Using `tqdm.autonotebook.tqdm` in notebook mode. Use `tqdm.tqdm` instead to force console mode (e.g. in jupyter console)\n"}
,{"stream_name":"stderr","time":16.619883705,"data":"  from tqdm.autonotebook import tqdm\n"}
,{"stream_name":"stderr","time":16.619887993,"data":"\n"}
,{"stream_name":"stderr","time":16.619891273,"data":"/usr/local/lib/python3.12/dist-packages/beir/util.py:11: TqdmExperimentalWarning: Using `tqdm.autonotebook.tqdm` in notebook mode. Use `tqdm.tqdm` instead to force console mode (e.g. in jupyter console)\n"}
,{"stream_name":"stderr","time":16.619895147,"data":"  from tqdm.autonotebook import tqdm\n"}
,{"stream_name":"stdout","time":34.905107858,"data":"\u001b[?25hUsing device: cuda\n"}
,{"stream_name":"stdout","time":53.556049638,"data":"Loaded 8674 documents and 1406 queries.\n"}
,{"stream_name":"stderr","time":53.752752218,"data":"No sentence-transformers model found with name facebook/contriever-msmarco. Creating a new one with mean pooling.\n"}
,{"stream_name":"stderr","time":53.752803647,"data":"\n"}
,{"stream_name":"stderr","time":53.752811848,"data":"No sentence-transformers model found with name facebook/contriever-msmarco. Creating a new one with mean pooling.\n"}
,{"stream_name":"stdout","time":53.755977651,"data":"\n"}
,{"stream_name":"stdout","time":53.755998399,"data":"--- Evaluating Dense Base (Contriever) ---\n"}
,{"stream_name":"stderr","time":53.834873676,"data":"Warning: You are sending unauthenticated requests to the HF Hub. Please set a HF_TOKEN to enable higher rate limits and faster downloads.\n"}
,{"stream_name":"stderr","time":53.834923409,"data":"\n"}
,{"stream_name":"stderr","time":53.834927225,"data":"Warning: You are sending unauthenticated requests to the HF Hub. Please set a HF_TOKEN to enable higher rate limits and faster downloads.\n"}
,{"stream_name":"stderr","time":57.355703213,"data":"\u001b[1mBertModel LOAD REPORT\u001b[0m from: facebook/contriever-msmarco\n"}
,{"stream_name":"stderr","time":57.355735999,"data":"Key                     | Status     |  | \n"}
,{"stream_name":"stderr","time":57.355741641,"data":"------------------------+------------+--+-\n"}
,{"stream_name":"stderr","time":57.355745586,"data":"embeddings.position_ids | UNEXPECTED |  | \n"}
,{"stream_name":"stderr","time":57.355749573,"data":"\n"}
,{"stream_name":"stderr","time":57.355752838,"data":"\u001b[3mNotes:\n"}
,{"stream_name":"stderr","time":57.355756381,"data":"- UNEXPECTED\u001b[3m\t:can be ignored when loading from different task/architecture; not ok if you expect identical arch.\u001b[0m\n"}
,{"stream_name":"stderr","time":57.355760271,"data":"\n"}
,{"stream_name":"stderr","time":57.355765154,"data":"\u001b[1mBertModel LOAD REPORT\u001b[0m from: facebook/contriever-msmarco\n"}
,{"stream_name":"stderr","time":57.355860248,"data":"Key                     | Status     |  | \n"}
,{"stream_name":"stderr","time":57.355887158,"data":"------------------------+------------+--+-\n"}
,{"stream_name":"stderr","time":57.355890931,"data":"embeddings.position_ids | UNEXPECTED |  | \n"}
,{"stream_name":"stderr","time":57.355893484,"data":"\n"}
,{"stream_name":"stderr","time":57.355895763,"data":"\u001b[3mNotes:\n"}
,{"stream_name":"stderr","time":57.355898229,"data":"- UNEXPECTED\u001b[3m\t:can be ignored when loading from different task/architecture; not ok if you expect identical arch.\u001b[0m\n"}
,{"stream_name":"stdout","time":58.950522,"data":"Encoding Corpus with Contriever...\n"}
,{"stream_name":"stdout","time":132.910800089,"data":"Computing Base Scores...\n"}
,{"stream_name":"stdout","time":141.188607926,"data":"Dense Base (Contriever) NDCG@10: 0.3595 | End-to-End Latency: 8.29 ms/query\n"}
,{"stream_name":"stdout","time":141.303641476,"data":"\n"}
,{"stream_name":"stdout","time":141.303667844,"data":"--- 1. True End-to-End Latency Profile ---\n"}
,{"stream_name":"stderr","time":144.448828539,"data":"Traceback (most recent call last):\n"}
,{"stream_name":"stderr","time":144.448855723,"data":"  File \"\u003cstring\u003e\", line 1, in \u003cmodule\u003e\n"}
,{"stream_name":"stderr","time":144.448862738,"data":"  File \"/usr/local/lib/python3.12/dist-packages/papermill/execute.py\", line 131, in execute_notebook\n"}
,{"stream_name":"stderr","time":144.448950209,"data":"    raise_for_execution_errors(nb, output_path)\n"}
,{"stream_name":"stderr","time":144.44899256,"data":"  File \"/usr/local/lib/python3.12/dist-packages/papermill/execute.py\", line 251, in raise_for_execution_errors\n"}
,{"stream_name":"stderr","time":144.449158325,"data":"    raise error\n"}
,{"stream_name":"stderr","time":144.449393552,"data":"papermill.exceptions.PapermillExecutionError: \n"}
,{"stream_name":"stderr","time":144.449402973,"data":"---------------------------------------------------------------------------\n"}
,{"stream_name":"stderr","time":144.44940788,"data":"Exception encountered at \"In [5]\":\n"}
,{"stream_name":"stderr","time":144.449412515,"data":"---------------------------------------------------------------------------\n"}
,{"stream_name":"stderr","time":144.449417123,"data":"NameError                                 Traceback (most recent call last)\n"}
,{"stream_name":"stderr","time":144.449421911,"data":"/tmp/ipykernel_24/1153649993.py in \u003ccell line: 0\u003e()\n"}
,{"stream_name":"stderr","time":144.449436704,"data":"      6 # For pure timing purposes we will instantiate a dummy agent and SAE\n"}
,{"stream_name":"stderr","time":144.449442139,"data":"      7 \n"}
,{"stream_name":"stderr","time":144.449446016,"data":"----\u003e 8 dummy_sae = SparseAutoencoder(768).to(DEVICE)\n"}
,{"stream_name":"stderr","time":144.44944867,"data":"      9 dummy_agent = PPOAgent().to(DEVICE)\n"}
,{"stream_name":"stderr","time":144.449451398,"data":"     10 state_enc = DenseStateEncoder().to(DEVICE)\n"}
,{"stream_name":"stderr","time":144.449454899,"data":"\n"}
,{"stream_name":"stderr","time":144.449459897,"data":"NameError: name 'SparseAutoencoder' is not defined\n"}
,{"stream_name":"stderr","time":144.449463776,"data":"\n"}
,{"stream_name":"stderr","time":146.425617425,"data":"/usr/local/lib/python3.12/dist-packages/mistune.py:435: SyntaxWarning: invalid escape sequence '\\|'\n"}
,{"stream_name":"stderr","time":146.425644572,"data":"  cells[i][c] = re.sub('\\\\\\\\\\|', '|', cell)\n"}
,{"stream_name":"stderr","time":146.565082351,"data":"/usr/local/lib/python3.12/dist-packages/nbconvert/filters/filter_links.py:36: SyntaxWarning: invalid escape sequence '\\_'\n"}
,{"stream_name":"stderr","time":146.565107847,"data":"  text = re.sub(r'_', '\\_', text) # Escape underscores in display text\n"}
,{"stream_name":"stderr","time":147.092294954,"data":"/usr/local/lib/python3.12/dist-packages/traitlets/traitlets.py:2915: FutureWarning: --Exporter.preprocessors=[\"remove_papermill_header.RemovePapermillHeader\"] for containers is deprecated in traitlets 5.0. You can pass `--Exporter.preprocessors item` ... multiple times to add items to a list.\n"}
,{"stream_name":"stderr","time":147.0923715,"data":"  warn(\n"}
,{"stream_name":"stderr","time":147.118434503,"data":"[NbConvertApp] Converting notebook __notebook__.ipynb to notebook\n"}
,{"stream_name":"stderr","time":147.160275664,"data":"[NbConvertApp] ERROR | Notebook JSON is invalid: Additional properties are not allowed ('execution_count' was unexpected)\n"}
,{"stream_name":"stderr","time":147.160298714,"data":"\n"}
,{"stream_name":"stderr","time":147.160305441,"data":"Failed validating 'additionalProperties' in markdown_cell:\n"}
,{"stream_name":"stderr","time":147.160308241,"data":"\n"}
,{"stream_name":"stderr","time":147.16031055,"data":"On instance['cells'][1]:\n"}
,{"stream_name":"stderr","time":147.1603128,"data":"{'cell_type': 'markdown',\n"}
,{"stream_name":"stderr","time":147.160315524,"data":" 'execution_count': None,\n"}
,{"stream_name":"stderr","time":147.160317739,"data":" 'id': '3137cee1',\n"}
,{"stream_name":"stderr","time":147.160320047,"data":" 'metadata': {'papermill': {'duration': 0.003899,\n"}
,{"stream_name":"stderr","time":147.16032231,"data":"                            'end_time': '2026-03-06T03:38:28.193475',\n"}
,{"stream_name":"stderr","time":147.160324597,"data":"                            'exception': False,\n"}
,{"stream_name":"stderr","time":147.16032683,"data":"                            'start_time': '2026-03-06T03:38:28.189576',\n"}
,{"stream_name":"stderr","time":147.160329175,"data":"                            'status': 'completed'},\n"}
,{"stream_name":"stderr","time":147.160331392,"data":"              'tags': []},\n"}
,{"stream_name":"stderr","time":147.160333618,"data":" 'source': '# BEIR Evaluation - Full ArguAna Split\\n'\n"}
,{"stream_name":"stderr","time":147.160336009,"data":"           '\\n'\n"}
,{"stream_name":"stderr","time":147.160338311,"data":"           'Running experimental bas...'}\n"}
,{"stream_name":"stderr","time":147.449955243,"data":"[NbConvertApp] Writing 164724 bytes to __notebook__.ipynb\n"}
,{"stream_name":"stderr","time":149.700720767,"data":"/usr/local/lib/python3.12/dist-packages/traitlets/traitlets.py:2915: FutureWarning: --Exporter.preprocessors=[\"nbconvert.preprocessors.ExtractOutputPreprocessor\"] for containers is deprecated in traitlets 5.0. You can pass `--Exporter.preprocessors item` ... multiple times to add items to a list.\n"}
,{"stream_name":"stderr","time":149.700756579,"data":"  warn(\n"}
,{"stream_name":"stderr","time":149.720753585,"data":"[NbConvertApp] Converting notebook __notebook__.ipynb to html\n"}
,{"stream_name":"stderr","time":149.762046291,"data":"[NbConvertApp] ERROR | Notebook JSON is invalid: Additional properties are not allowed ('execution_count' was unexpected)\n"}
,{"stream_name":"stderr","time":149.762069858,"data":"\n"}
,{"stream_name":"stderr","time":149.762074258,"data":"Failed validating 'additionalProperties' in markdown_cell:\n"}
,{"stream_name":"stderr","time":149.762078015,"data":"\n"}
,{"stream_name":"stderr","time":149.762081497,"data":"On instance['cells'][0]:\n"}
,{"stream_name":"stderr","time":149.762085559,"data":"{'cell_type': 'markdown',\n"}
,{"stream_name":"stderr","time":149.762089294,"data":" 'execution_count': None,\n"}
,{"stream_name":"stderr","time":149.762092799,"data":" 'id': '3137cee1',\n"}
,{"stream_name":"stderr","time":149.762096258,"data":" 'metadata': {'papermill': {'duration': 0.003899,\n"}
,{"stream_name":"stderr","time":149.762100125,"data":"                            'end_time': '2026-03-06T03:38:28.193475',\n"}
,{"stream_name":"stderr","time":149.76210386,"data":"                            'exception': False,\n"}
,{"stream_name":"stderr","time":149.762107534,"data":"                            'start_time': '2026-03-06T03:38:28.189576',\n"}
,{"stream_name":"stderr","time":149.76211144,"data":"                            'status': 'completed'},\n"}
,{"stream_name":"stderr","time":149.762115198,"data":"              'tags': []},\n"}
,{"stream_name":"stderr","time":149.762118779,"data":" 'source': '# BEIR Evaluation - Full ArguAna Split\\n'\n"}
,{"stream_name":"stderr","time":149.762122468,"data":"           '\\n'\n"}
,{"stream_name":"stderr","time":149.762126059,"data":"           'Running experimental bas...'}\n"}
,{"stream_name":"stderr","time":150.568651431,"data":"[NbConvertApp] Writing 456581 bytes to __results__.html\n"}
]