[{"stream_name":"stderr","time":6.230480139,"data":"0.00s - Debugger warning: It seems that frozen modules are being used, which may\n"}
,{"stream_name":"stderr","time":6.230528376,"data":"0.00s - make the debugger miss breakpoints. Please pass -Xfrozen_modules=off\n"}
,{"stream_name":"stderr","time":6.230532932,"data":"0.00s - to python to disable frozen modules.\n"}
,{"stream_name":"stderr","time":6.23053608,"data":"0.00s - Note: Debugging will proceed. Set PYDEVD_DISABLE_FILE_VALIDATION=1 to disable this validation.\n"}
,{"stream_name":"stderr","time":6.81047629,"data":"0.00s - Debugger warning: It seems that frozen modules are being used, which may\n"}
,{"stream_name":"stderr","time":6.810509588,"data":"0.00s - make the debugger miss breakpoints. Please pass -Xfrozen_modules=off\n"}
,{"stream_name":"stderr","time":6.810514973,"data":"0.00s - to python to disable frozen modules.\n"}
,{"stream_name":"stderr","time":6.810518853,"data":"0.00s - Note: Debugging will proceed. Set PYDEVD_DISABLE_FILE_VALIDATION=1 to disable this validation.\n"}
,{"stream_name":"stdout","time":10.791449664,"data":"\u001b[?25l   \u001b[90m━━━━━━━━━━━━━━━━━━━━━━━━━━━━━━━━━━━━━━━━\u001b[0m \u001b[32m0.0/77.4 kB\u001b[0m \u001b[31m?\u001b[0m eta \u001b[36m-:--:--\u001b[0m\r\u001b[2K   \u001b[90m━━━━━━━━━━━━━━━━━━━━━━━━━━━━━━━━━━━━━━━━\u001b[0m \u001b[32m77.4/77.4 kB\u001b[0m \u001b[31m6.3 MB/s\u001b[0m eta \u001b[36m0:00:00\u001b[0m\r\n"}
,{"stream_name":"stdout","time":10.791524788,"data":"\u001b[?25h\u001b[?25l   \u001b[90m━━━━━━━━━━━━━━━━━━━━━━━━━━━━━━━━━━━━━━━━\u001b[0m \u001b[32m0.0/304.8 kB\u001b[0m \u001b[31m?\u001b[0m eta \u001b[36m-:--:--\u001b[0m\r\u001b[2K   \u001b[90m━━━━━━━━━━━━━━━━━━━━━━━━━━━━━━━━━━━━━━━━\u001b[0m \u001b[32m304.8/304.8 kB\u001b[0m \u001b[31m28.9 MB/s\u001b[0m eta \u001b[36m0:00:00\u001b[0m\r\n"}
,{"stream_name":"stderr","time":16.987966644,"data":"/usr/local/lib/python3.12/dist-packages/beir/util.py:11: TqdmExperimentalWarning: Using `tqdm.autonotebook.tqdm` in notebook mode. Use `tqdm.tqdm` instead to force console mode (e.g. in jupyter console)\n"}
,{"stream_name":"stderr","time":16.98800098,"data":"  from tqdm.autonotebook import tqdm\n"}
,{"stream_name":"stderr","time":16.9880058,"data":"\n"}
,{"stream_name":"stderr","time":16.988009357,"data":"/usr/local/lib/python3.12/dist-packages/beir/util.py:11: TqdmExperimentalWarning: Using `tqdm.autonotebook.tqdm` in notebook mode. Use `tqdm.tqdm` instead to force console mode (e.g. in jupyter console)\n"}
,{"stream_name":"stderr","time":16.988013778,"data":"  from tqdm.autonotebook import tqdm\n"}
,{"stream_name":"stdout","time":35.454659205,"data":"\u001b[?25hUsing device: cuda\n"}
,{"stream_name":"stdout","time":39.01791072,"data":"Loaded 8674 documents and 1406 queries.\n"}
,{"stream_name":"stdout","time":39.21901227,"data":"\n"}
,{"stream_name":"stdout","time":39.219055731,"data":"--- Evaluating Dense Base (Contriever) ---\n"}
,{"stream_name":"stderr","time":39.455944035,"data":"No sentence-transformers model found with name facebook/contriever-msmarco. Creating a new one with mean pooling.\n"}
,{"stream_name":"stderr","time":39.455972146,"data":"\n"}
,{"stream_name":"stderr","time":39.455976769,"data":"No sentence-transformers model found with name facebook/contriever-msmarco. Creating a new one with mean pooling.\n"}
,{"stream_name":"stderr","time":40.172921889,"data":"Warning: You are sending unauthenticated requests to the HF Hub. Please set a HF_TOKEN to enable higher rate limits and faster downloads.\n"}
,{"stream_name":"stderr","time":40.172970352,"data":"\n"}
,{"stream_name":"stderr","time":40.172974013,"data":"Warning: You are sending unauthenticated requests to the HF Hub. Please set a HF_TOKEN to enable higher rate limits and faster downloads.\n"}
,{"stream_name":"stderr","time":46.53624463,"data":"\u001b[1mBertModel LOAD REPORT\u001b[0m from: facebook/contriever-msmarco\n"}
,{"stream_name":"stderr","time":46.536270981,"data":"Key                     | Status     |  | \n"}
,{"stream_name":"stderr","time":46.536275202,"data":"------------------------+------------+--+-\n"}
,{"stream_name":"stderr","time":46.536278822,"data":"embeddings.position_ids | UNEXPECTED |  | \n"}
,{"stream_name":"stderr","time":46.536282063,"data":"\n"}
,{"stream_name":"stderr","time":46.53628519,"data":"\u001b[3mNotes:\n"}
,{"stream_name":"stderr","time":46.536288479,"data":"- UNEXPECTED\u001b[3m\t:can be ignored when loading from different task/architecture; not ok if you expect identical arch.\u001b[0m\n"}
,{"stream_name":"stderr","time":46.53629221,"data":"\n"}
,{"stream_name":"stderr","time":46.536295241,"data":"\u001b[1mBertModel LOAD REPORT\u001b[0m from: facebook/contriever-msmarco\n"}
,{"stream_name":"stderr","time":46.536298417,"data":"Key                     | Status     |  | \n"}
,{"stream_name":"stderr","time":46.536301476,"data":"------------------------+------------+--+-\n"}
,{"stream_name":"stderr","time":46.536304715,"data":"embeddings.position_ids | UNEXPECTED |  | \n"}
,{"stream_name":"stderr","time":46.536307813,"data":"\n"}
,{"stream_name":"stderr","time":46.536310821,"data":"\u001b[3mNotes:\n"}
,{"stream_name":"stderr","time":46.536313926,"data":"- UNEXPECTED\u001b[3m\t:can be ignored when loading from different task/architecture; not ok if you expect identical arch.\u001b[0m\n"}
,{"stream_name":"stdout","time":49.309987998,"data":"Encoding Corpus with Contriever...\n"}
,{"stream_name":"stdout","time":122.893534941,"data":"Computing Base Scores...\n"}
,{"stream_name":"stdout","time":131.249701111,"data":"Dense Base (Contriever) NDCG@10: 0.3595 | End-to-End Latency: 8.20 ms/query\n"}
,{"stream_name":"stdout","time":131.417282667,"data":"\n"}
,{"stream_name":"stdout","time":131.417313744,"data":"--- 1. True End-to-End Latency Profile ---\n"}
,{"stream_name":"stderr","time":134.475431452,"data":"Traceback (most recent call last):\n"}
,{"stream_name":"stderr","time":134.475464819,"data":"  File \"\u003cstring\u003e\", line 1, in \u003cmodule\u003e\n"}
,{"stream_name":"stderr","time":134.475469728,"data":"  File \"/usr/local/lib/python3.12/dist-packages/papermill/execute.py\", line 131, in execute_notebook\n"}
,{"stream_name":"stderr","time":134.475564059,"data":"    raise_for_execution_errors(nb, output_path)\n"}
,{"stream_name":"stderr","time":134.475573881,"data":"  File \"/usr/local/lib/python3.12/dist-packages/papermill/execute.py\", line 251, in raise_for_execution_errors\n"}
,{"stream_name":"stderr","time":134.475738195,"data":"    raise error\n"}
,{"stream_name":"stderr","time":134.475990056,"data":"papermill.exceptions.PapermillExecutionError: \n"}
,{"stream_name":"stderr","time":134.475999278,"data":"---------------------------------------------------------------------------\n"}
,{"stream_name":"stderr","time":134.476004471,"data":"Exception encountered at \"In [6]\":\n"}
,{"stream_name":"stderr","time":134.476009077,"data":"---------------------------------------------------------------------------\n"}
,{"stream_name":"stderr","time":134.476013617,"data":"NameError                                 Traceback (most recent call last)\n"}
,{"stream_name":"stderr","time":134.476018148,"data":"/tmp/ipykernel_24/670520463.py in \u003ccell line: 0\u003e()\n"}
,{"stream_name":"stderr","time":134.476032683,"data":"      8 dummy_sae = BipolarSAE(768, 4096).to(DEVICE)\n"}
,{"stream_name":"stderr","time":134.476036429,"data":"      9 dummy_agent = LinearController(128).to(DEVICE)\n"}
,{"stream_name":"stderr","time":134.476039823,"data":"---\u003e 10 state_enc = DenseStateEncoder().to(DEVICE)\n"}
,{"stream_name":"stderr","time":134.476043351,"data":"     11 \n"}
,{"stream_name":"stderr","time":134.476046739,"data":"     12 inference_batch = query_embs[:100].clone() # Sample 100 queries\n"}
,{"stream_name":"stderr","time":134.476050126,"data":"\n"}
,{"stream_name":"stderr","time":134.476054074,"data":"NameError: name 'DenseStateEncoder' is not defined\n"}
,{"stream_name":"stderr","time":134.476058146,"data":"\n"}
,{"stream_name":"stderr","time":136.530960229,"data":"/usr/local/lib/python3.12/dist-packages/mistune.py:435: SyntaxWarning: invalid escape sequence '\\|'\n"}
,{"stream_name":"stderr","time":136.530990937,"data":"  cells[i][c] = re.sub('\\\\\\\\\\|', '|', cell)\n"}
,{"stream_name":"stderr","time":136.679742589,"data":"/usr/local/lib/python3.12/dist-packages/nbconvert/filters/filter_links.py:36: SyntaxWarning: invalid escape sequence '\\_'\n"}
,{"stream_name":"stderr","time":136.679769378,"data":"  text = re.sub(r'_', '\\_', text) # Escape underscores in display text\n"}
,{"stream_name":"stderr","time":137.238689443,"data":"/usr/local/lib/python3.12/dist-packages/traitlets/traitlets.py:2915: FutureWarning: --Exporter.preprocessors=[\"remove_papermill_header.RemovePapermillHeader\"] for containers is deprecated in traitlets 5.0. You can pass `--Exporter.preprocessors item` ... multiple times to add items to a list.\n"}
,{"stream_name":"stderr","time":137.238725051,"data":"  warn(\n"}
,{"stream_name":"stderr","time":137.264556181,"data":"[NbConvertApp] Converting notebook __notebook__.ipynb to notebook\n"}
,{"stream_name":"stderr","time":137.59570595,"data":"[NbConvertApp] Writing 166743 bytes to __notebook__.ipynb\n"}
,{"stream_name":"stderr","time":139.903806696,"data":"/usr/local/lib/python3.12/dist-packages/traitlets/traitlets.py:2915: FutureWarning: --Exporter.preprocessors=[\"nbconvert.preprocessors.ExtractOutputPreprocessor\"] for containers is deprecated in traitlets 5.0. You can pass `--Exporter.preprocessors item` ... multiple times to add items to a list.\n"}
,{"stream_name":"stderr","time":139.903843905,"data":"  warn(\n"}
,{"stream_name":"stderr","time":139.925468974,"data":"[NbConvertApp] Converting notebook __notebook__.ipynb to html\n"}
,{"stream_name":"stderr","time":140.791955509,"data":"[NbConvertApp] Writing 463832 bytes to __results__.html\n"}
]